<?xml version="1.0" encoding="UTF-8"?>
<testsuite name="com.hwang.springboot.web.IndexContollerTest" tests="1" skipped="0" failures="0" errors="0" timestamp="2021-02-17T11:57:08" hostname="hwangjeonghyeon-ui-MacBookPro.local" time="0.258">
  <properties/>
  <testcase name="메인페이지_로딩" classname="com.hwang.springboot.web.IndexContollerTest" time="0.258"/>
  <system-out><![CDATA[20:57:04.335 [Test worker] DEBUG org.springframework.test.context.junit4.SpringJUnit4ClassRunner - SpringJUnit4ClassRunner constructor called with [class com.hwang.springboot.web.IndexContollerTest]
20:57:04.341 [Test worker] DEBUG org.springframework.test.context.BootstrapUtils - Instantiating CacheAwareContextLoaderDelegate from class [org.springframework.test.context.cache.DefaultCacheAwareContextLoaderDelegate]
20:57:04.347 [Test worker] DEBUG org.springframework.test.context.BootstrapUtils - Instantiating BootstrapContext using constructor [public org.springframework.test.context.support.DefaultBootstrapContext(java.lang.Class,org.springframework.test.context.CacheAwareContextLoaderDelegate)]
20:57:04.361 [Test worker] DEBUG org.springframework.test.context.BootstrapUtils - Instantiating TestContextBootstrapper for test class [com.hwang.springboot.web.IndexContollerTest] from class [org.springframework.boot.test.context.SpringBootTestContextBootstrapper]
20:57:04.369 [Test worker] INFO org.springframework.boot.test.context.SpringBootTestContextBootstrapper - Neither @ContextConfiguration nor @ContextHierarchy found for test class [com.hwang.springboot.web.IndexContollerTest], using SpringBootContextLoader
20:57:04.371 [Test worker] DEBUG org.springframework.test.context.support.AbstractContextLoader - Did not detect default resource location for test class [com.hwang.springboot.web.IndexContollerTest]: class path resource [com/hwang/springboot/web/IndexContollerTest-context.xml] does not exist
20:57:04.371 [Test worker] DEBUG org.springframework.test.context.support.AbstractContextLoader - Did not detect default resource location for test class [com.hwang.springboot.web.IndexContollerTest]: class path resource [com/hwang/springboot/web/IndexContollerTestContext.groovy] does not exist
20:57:04.371 [Test worker] INFO org.springframework.test.context.support.AbstractContextLoader - Could not detect default resource locations for test class [com.hwang.springboot.web.IndexContollerTest]: no resource found for suffixes {-context.xml, Context.groovy}.
20:57:04.372 [Test worker] INFO org.springframework.test.context.support.AnnotationConfigContextLoaderUtils - Could not detect default configuration classes for test class [com.hwang.springboot.web.IndexContollerTest]: IndexContollerTest does not declare any static, non-private, non-final, nested classes annotated with @Configuration.
20:57:04.397 [Test worker] DEBUG org.springframework.test.context.support.ActiveProfilesUtils - Could not find an 'annotation declaring class' for annotation type [org.springframework.test.context.ActiveProfiles] and class [com.hwang.springboot.web.IndexContollerTest]
20:57:04.473 [Test worker] DEBUG org.springframework.context.annotation.ClassPathScanningCandidateComponentProvider - Identified candidate component class: file [/Users/hwangjeonghyeon/IdeaProjects/Project_Springboot/build/classes/java/main/com/hwang/springboot/Application.class]
20:57:04.474 [Test worker] INFO org.springframework.boot.test.context.SpringBootTestContextBootstrapper - Found @SpringBootConfiguration com.hwang.springboot.Application for test class com.hwang.springboot.web.IndexContollerTest
20:57:04.541 [Test worker] DEBUG org.springframework.boot.test.context.SpringBootTestContextBootstrapper - @TestExecutionListeners is not present for class [com.hwang.springboot.web.IndexContollerTest]: using defaults.
20:57:04.541 [Test worker] INFO org.springframework.boot.test.context.SpringBootTestContextBootstrapper - Loaded default TestExecutionListener class names from location [META-INF/spring.factories]: [org.springframework.security.test.context.support.WithSecurityContextTestExecutionListener, org.springframework.security.test.context.support.ReactorContextTestExecutionListener, org.springframework.boot.test.autoconfigure.restdocs.RestDocsTestExecutionListener, org.springframework.boot.test.autoconfigure.web.client.MockRestServiceServerResetTestExecutionListener, org.springframework.boot.test.autoconfigure.web.servlet.MockMvcPrintOnlyOnFailureTestExecutionListener, org.springframework.boot.test.autoconfigure.web.servlet.WebDriverTestExecutionListener, org.springframework.boot.test.mock.mockito.MockitoTestExecutionListener, org.springframework.boot.test.mock.mockito.ResetMocksTestExecutionListener, org.springframework.test.context.web.ServletTestExecutionListener, org.springframework.test.context.support.DirtiesContextBeforeModesTestExecutionListener, org.springframework.test.context.support.DependencyInjectionTestExecutionListener, org.springframework.test.context.support.DirtiesContextTestExecutionListener, org.springframework.test.context.transaction.TransactionalTestExecutionListener, org.springframework.test.context.jdbc.SqlScriptsTestExecutionListener]
20:57:04.559 [Test worker] INFO org.springframework.boot.test.context.SpringBootTestContextBootstrapper - Using TestExecutionListeners: [org.springframework.test.context.web.ServletTestExecutionListener@6dddd54e, org.springframework.test.context.support.DirtiesContextBeforeModesTestExecutionListener@9984b33, org.springframework.boot.test.mock.mockito.MockitoTestExecutionListener@6176b76b, org.springframework.boot.test.autoconfigure.SpringBootDependencyInjectionTestExecutionListener@79bc0f45, org.springframework.test.context.support.DirtiesContextTestExecutionListener@7ac8d299, org.springframework.test.context.transaction.TransactionalTestExecutionListener@3142cf20, org.springframework.test.context.jdbc.SqlScriptsTestExecutionListener@65dbeb8c, org.springframework.security.test.context.support.WithSecurityContextTestExecutionListener@7c840655, org.springframework.security.test.context.support.ReactorContextTestExecutionListener@40e45f46, org.springframework.boot.test.autoconfigure.restdocs.RestDocsTestExecutionListener@67f8b3b5, org.springframework.boot.test.autoconfigure.web.client.MockRestServiceServerResetTestExecutionListener@5dc5a34d, org.springframework.boot.test.autoconfigure.web.servlet.MockMvcPrintOnlyOnFailureTestExecutionListener@1afb00e, org.springframework.boot.test.autoconfigure.web.servlet.WebDriverTestExecutionListener@6353d112, org.springframework.boot.test.mock.mockito.ResetMocksTestExecutionListener@4114a3d6]
20:57:04.561 [Test worker] DEBUG org.springframework.test.annotation.ProfileValueUtils - Retrieved @ProfileValueSourceConfiguration [null] for test class [com.hwang.springboot.web.IndexContollerTest]
20:57:04.561 [Test worker] DEBUG org.springframework.test.annotation.ProfileValueUtils - Retrieved ProfileValueSource type [class org.springframework.test.annotation.SystemProfileValueSource] for class [com.hwang.springboot.web.IndexContollerTest]
20:57:04.563 [Test worker] DEBUG org.springframework.test.annotation.ProfileValueUtils - Retrieved @ProfileValueSourceConfiguration [null] for test class [com.hwang.springboot.web.IndexContollerTest]
20:57:04.563 [Test worker] DEBUG org.springframework.test.annotation.ProfileValueUtils - Retrieved ProfileValueSource type [class org.springframework.test.annotation.SystemProfileValueSource] for class [com.hwang.springboot.web.IndexContollerTest]
20:57:04.564 [Test worker] DEBUG org.springframework.test.annotation.ProfileValueUtils - Retrieved @ProfileValueSourceConfiguration [null] for test class [com.hwang.springboot.web.IndexContollerTest]
20:57:04.564 [Test worker] DEBUG org.springframework.test.annotation.ProfileValueUtils - Retrieved ProfileValueSource type [class org.springframework.test.annotation.SystemProfileValueSource] for class [com.hwang.springboot.web.IndexContollerTest]
20:57:04.566 [Test worker] DEBUG org.springframework.test.context.support.AbstractDirtiesContextTestExecutionListener - Before test class: context [DefaultTestContext@38781206 testClass = IndexContollerTest, testInstance = [null], testMethod = [null], testException = [null], mergedContextConfiguration = [WebMergedContextConfiguration@7042961f testClass = IndexContollerTest, locations = '{}', classes = '{class com.hwang.springboot.Application}', contextInitializerClasses = '[]', activeProfiles = '{}', propertySourceLocations = '{}', propertySourceProperties = '{org.springframework.boot.test.context.SpringBootTestContextBootstrapper=true, server.port=0}', contextCustomizers = set[org.springframework.boot.test.autoconfigure.properties.PropertyMappingContextCustomizer@0, org.springframework.boot.test.autoconfigure.web.servlet.WebDriverContextCustomizerFactory$Customizer@3603c7e1, org.springframework.boot.test.context.filter.ExcludeFilterContextCustomizer@3068ca14, org.springframework.boot.test.json.DuplicateJsonObjectContextCustomizerFactory$DuplicateJsonObjectContextCustomizer@2c2890ba, org.springframework.boot.test.mock.mockito.MockitoContextCustomizer@0, org.springframework.boot.test.web.client.TestRestTemplateContextCustomizer@561695a8], resourceBasePath = 'src/main/webapp', contextLoader = 'org.springframework.boot.test.context.SpringBootContextLoader', parent = [null]], attributes = map['org.springframework.test.context.web.ServletTestExecutionListener.activateListener' -> false]], class annotated with @DirtiesContext [false] with mode [null].
20:57:04.566 [Test worker] DEBUG org.springframework.test.annotation.ProfileValueUtils - Retrieved @ProfileValueSourceConfiguration [null] for test class [com.hwang.springboot.web.IndexContollerTest]
20:57:04.566 [Test worker] DEBUG org.springframework.test.annotation.ProfileValueUtils - Retrieved ProfileValueSource type [class org.springframework.test.annotation.SystemProfileValueSource] for class [com.hwang.springboot.web.IndexContollerTest]
20:57:04.569 [Test worker] DEBUG org.springframework.test.context.support.DependencyInjectionTestExecutionListener - Performing dependency injection for test context [[DefaultTestContext@38781206 testClass = IndexContollerTest, testInstance = com.hwang.springboot.web.IndexContollerTest@4148fb43, testMethod = [null], testException = [null], mergedContextConfiguration = [WebMergedContextConfiguration@7042961f testClass = IndexContollerTest, locations = '{}', classes = '{class com.hwang.springboot.Application}', contextInitializerClasses = '[]', activeProfiles = '{}', propertySourceLocations = '{}', propertySourceProperties = '{org.springframework.boot.test.context.SpringBootTestContextBootstrapper=true, server.port=0}', contextCustomizers = set[org.springframework.boot.test.autoconfigure.properties.PropertyMappingContextCustomizer@0, org.springframework.boot.test.autoconfigure.web.servlet.WebDriverContextCustomizerFactory$Customizer@3603c7e1, org.springframework.boot.test.context.filter.ExcludeFilterContextCustomizer@3068ca14, org.springframework.boot.test.json.DuplicateJsonObjectContextCustomizerFactory$DuplicateJsonObjectContextCustomizer@2c2890ba, org.springframework.boot.test.mock.mockito.MockitoContextCustomizer@0, org.springframework.boot.test.web.client.TestRestTemplateContextCustomizer@561695a8], resourceBasePath = 'src/main/webapp', contextLoader = 'org.springframework.boot.test.context.SpringBootContextLoader', parent = [null]], attributes = map['org.springframework.test.context.web.ServletTestExecutionListener.activateListener' -> false]]].
20:57:04.581 [Test worker] DEBUG org.springframework.test.context.support.TestPropertySourceUtils - Adding inlined properties to environment: {spring.jmx.enabled=false, org.springframework.boot.test.context.SpringBootTestContextBootstrapper=true, server.port=0}

  .   ____          _            __ _ _
 /\\ / ___'_ __ _ _(_)_ __  __ _ \ \ \ \
( ( )\___ | '_ | '_| | '_ \/ _` | \ \ \ \
 \\/  ___)| |_)| | | | | || (_| |  ) ) ) )
  '  |____| .__|_| |_|_| |_\__, | / / / /
 =========|_|==============|___/=/_/_/_/
 :: Spring Boot ::        (v2.1.9.RELEASE)

2021-02-17 20:57:04.737  INFO 12440 --- [    Test worker] c.h.springboot.web.IndexContollerTest    : Starting IndexContollerTest on hwangjeonghyeon-ui-MacBookPro.local with PID 12440 (started by hwangjeonghyeon in /Users/hwangjeonghyeon/IdeaProjects/Project_Springboot)
2021-02-17 20:57:04.738  INFO 12440 --- [    Test worker] c.h.springboot.web.IndexContollerTest    : No active profile set, falling back to default profiles: default
2021-02-17 20:57:05.192  INFO 12440 --- [    Test worker] .s.d.r.c.RepositoryConfigurationDelegate : Bootstrapping Spring Data repositories in DEFAULT mode.
2021-02-17 20:57:05.252  INFO 12440 --- [    Test worker] .s.d.r.c.RepositoryConfigurationDelegate : Finished Spring Data repository scanning in 54ms. Found 1 repository interfaces.
2021-02-17 20:57:05.589  INFO 12440 --- [    Test worker] trationDelegate$BeanPostProcessorChecker : Bean 'org.springframework.transaction.annotation.ProxyTransactionManagementConfiguration' of type [org.springframework.transaction.annotation.ProxyTransactionManagementConfiguration$$EnhancerBySpringCGLIB$$21e28ebd] is not eligible for getting processed by all BeanPostProcessors (for example: not eligible for auto-proxying)
2021-02-17 20:57:05.884  INFO 12440 --- [    Test worker] o.s.b.w.embedded.tomcat.TomcatWebServer  : Tomcat initialized with port(s): 0 (http)
2021-02-17 20:57:05.908  INFO 12440 --- [    Test worker] o.apache.catalina.core.StandardService   : Starting service [Tomcat]
2021-02-17 20:57:05.908  INFO 12440 --- [    Test worker] org.apache.catalina.core.StandardEngine  : Starting Servlet engine: [Apache Tomcat/9.0.26]
2021-02-17 20:57:05.997  INFO 12440 --- [    Test worker] o.a.c.c.C.[Tomcat].[localhost].[/]       : Initializing Spring embedded WebApplicationContext
2021-02-17 20:57:05.998  INFO 12440 --- [    Test worker] o.s.web.context.ContextLoader            : Root WebApplicationContext: initialization completed in 1242 ms
2021-02-17 20:57:06.209  INFO 12440 --- [    Test worker] com.zaxxer.hikari.HikariDataSource       : HikariPool-1 - Starting...
2021-02-17 20:57:06.347  INFO 12440 --- [    Test worker] com.zaxxer.hikari.HikariDataSource       : HikariPool-1 - Start completed.
2021-02-17 20:57:06.415  INFO 12440 --- [    Test worker] o.hibernate.jpa.internal.util.LogHelper  : HHH000204: Processing PersistenceUnitInfo [
	name: default
	...]
2021-02-17 20:57:06.478  INFO 12440 --- [    Test worker] org.hibernate.Version                    : HHH000412: Hibernate Core {5.3.12.Final}
2021-02-17 20:57:06.480  INFO 12440 --- [    Test worker] org.hibernate.cfg.Environment            : HHH000206: hibernate.properties not found
2021-02-17 20:57:06.611  INFO 12440 --- [    Test worker] o.hibernate.annotations.common.Version   : HCANN000001: Hibernate Commons Annotations {5.0.4.Final}
2021-02-17 20:57:06.728  INFO 12440 --- [    Test worker] org.hibernate.dialect.Dialect            : HHH000400: Using dialect: org.hibernate.dialect.MySQL5InnoDBDialect
Hibernate: drop table if exists posts
Hibernate: create table posts (id bigint not null auto_increment, create_date datetime, modified_date datetime, author varchar(255), content TEXT not null, title varchar(500) not null, primary key (id)) engine=InnoDB
2021-02-17 20:57:07.208  INFO 12440 --- [    Test worker] o.h.t.schema.internal.SchemaCreatorImpl  : HHH000476: Executing import script 'org.hibernate.tool.schema.internal.exec.ScriptSourceInputNonExistentImpl@69dafcad'
2021-02-17 20:57:07.211  INFO 12440 --- [    Test worker] j.LocalContainerEntityManagerFactoryBean : Initialized JPA EntityManagerFactory for persistence unit 'default'
2021-02-17 20:57:07.894  INFO 12440 --- [    Test worker] o.s.s.concurrent.ThreadPoolTaskExecutor  : Initializing ExecutorService 'applicationTaskExecutor'
2021-02-17 20:57:07.937  WARN 12440 --- [    Test worker] aWebConfiguration$JpaWebMvcConfiguration : spring.jpa.open-in-view is enabled by default. Therefore, database queries may be performed during view rendering. Explicitly configure spring.jpa.open-in-view to disable this warning
2021-02-17 20:57:07.982  INFO 12440 --- [    Test worker] o.s.b.a.w.s.WelcomePageHandlerMapping    : Adding welcome page template: index
2021-02-17 20:57:08.276  INFO 12440 --- [    Test worker] o.s.b.w.embedded.tomcat.TomcatWebServer  : Tomcat started on port(s): 49882 (http) with context path ''
2021-02-17 20:57:08.279  INFO 12440 --- [    Test worker] c.h.springboot.web.IndexContollerTest    : Started IndexContollerTest in 3.696 seconds (JVM running for 4.362)
2021-02-17 20:57:08.427  INFO 12440 --- [o-auto-1-exec-1] o.a.c.c.C.[Tomcat].[localhost].[/]       : Initializing Spring DispatcherServlet 'dispatcherServlet'
2021-02-17 20:57:08.427  INFO 12440 --- [o-auto-1-exec-1] o.s.web.servlet.DispatcherServlet        : Initializing Servlet 'dispatcherServlet'
2021-02-17 20:57:08.446  INFO 12440 --- [o-auto-1-exec-1] o.s.web.servlet.DispatcherServlet        : Completed initialization in 18 ms
]]></system-out>
  <system-err><![CDATA[]]></system-err>
</testsuite>
